[   37939ms] [ERROR] next-app-loader?name=app%2Fpage&page=%2Fpage&appPaths=%2Fpage&pagePath=private-next-app-dir%2Fpage.tsx&appDir=%2FUsers%2Fgowid%2FWorkspace%2Fpsh10066%2FProjects%2Fralphthon%2Fsrc%2Fapp&pageExtensions=tsx&pageExtensions=ts&pageExtensions=jsx&pageExtensions=js&rootDir=%2FUsers%2Fgowid%2FWorkspace%2Fpsh10066%2FProjects%2Fralphthon&isDev=true&tsconfigPath=tsconfig.json&basePath=&assetPrefix=&nextConfigOutput=&preferredRegion=&middlewareConfig=e30%3D!:12
Error: Image import "next-metadata-image-loader?type=favicon&segment=&basePath=&pageExtensions=tsx&pageExtensions=ts&pageExtensions=jsx&pageExtensions=js!/Users/gowid/Workspace/psh10066/Projects/ralphthon/src/app/favicon.ico?__next_metadata__" is not a valid image file. The image may be corrupted or an unsupported format. @ webpack-internal:///(app-pages-browser)/./node_modules/next/dist/client/app-index.js:32
[   38031ms] [ERROR] next-app-loader?name=app%2Fpage&page=%2Fpage&appPaths=%2Fpage&pagePath=private-next-app-dir%2Fpage.tsx&appDir=%2FUsers%2Fgowid%2FWorkspace%2Fpsh10066%2FProjects%2Fralphthon%2Fsrc%2Fapp&pageExtensions=tsx&pageExtensions=ts&pageExtensions=jsx&pageExtensions=js&rootDir=%2FUsers%2Fgowid%2FWorkspace%2Fpsh10066%2FProjects%2Fralphthon&isDev=true&tsconfigPath=tsconfig.json&basePath=&assetPrefix=&nextConfigOutput=&preferredRegion=&middlewareConfig=e30%3D!:12
Error: Image import "next-metadata-image-loader?type=favicon&segment=&basePath=&pageExtensions=tsx&pageExtensions=ts&pageExtensions=jsx&pageExtensions=js!/Users/gowid/Workspace/psh10066/Projects/ralphthon/src/app/favicon.ico?__next_metadata__" is not a valid image file. The image may be corrupted or an unsupported format. @ webpack-internal:///(app-pages-browser)/./node_modules/next/dist/client/app-index.js:32
[   38666ms] [ERROR] next-app-loader?name=app%2Fpage&page=%2Fpage&appPaths=%2Fpage&pagePath=private-next-app-dir%2Fpage.tsx&appDir=%2FUsers%2Fgowid%2FWorkspace%2Fpsh10066%2FProjects%2Fralphthon%2Fsrc%2Fapp&pageExtensions=tsx&pageExtensions=ts&pageExtensions=jsx&pageExtensions=js&rootDir=%2FUsers%2Fgowid%2FWorkspace%2Fpsh10066%2FProjects%2Fralphthon&isDev=true&tsconfigPath=tsconfig.json&basePath=&assetPrefix=&nextConfigOutput=&preferredRegion=&middlewareConfig=e30%3D!:12
Error: Image import "next-metadata-image-loader?type=favicon&segment=&basePath=&pageExtensions=tsx&pageExtensions=ts&pageExtensions=jsx&pageExtensions=js!/Users/gowid/Workspace/psh10066/Projects/ralphthon/src/app/favicon.ico?__next_metadata__" is not a valid image file. The image may be corrupted or an unsupported format. @ webpack-internal:///(app-pages-browser)/./node_modules/next/dist/client/app-index.js:32
[   38726ms] [ERROR] Failed to load resource: the server responded with a status of 500 (Internal Server Error) @ http://localhost:3000/profile?_rsc=xglo9:0
[   38733ms] [ERROR] Failed to load resource: the server responded with a status of 500 (Internal Server Error) @ http://localhost:3000/profile?_rsc=xglo9:0
[   38738ms] [ERROR] Failed to load resource: the server responded with a status of 500 (Internal Server Error) @ http://localhost:3000/profile?_rsc=xglo9:0
[   38742ms] [ERROR] Failed to load resource: the server responded with a status of 500 (Internal Server Error) @ http://localhost:3000/profile?_rsc=xglo9:0
[   38781ms] [ERROR] Failed to load resource: the server responded with a status of 500 (Internal Server Error) @ http://localhost:3000/profile:0
[   38928ms] Error: Error: Image import "next-metadata-image-loader?type=favicon&segment=&basePath=&pageExtensions=tsx&pageExtensions=ts&pageExtensions=jsx&pageExtensions=js!/Users/gowid/Workspace/psh10066/Projects/ralphthon/src/app/favicon.ico?__next_metadata__" is not a valid image file. The image may be corrupted or an unsupported format.
    at getImageError (file:///Users/gowid/Workspace/psh10066/Projects/ralphthon/node_modules/next/dist/build/webpack/plugins/wellknown-errors-plugin/parseNotFoundError.js:147:12)
    at getModuleBuildError (file:///Users/gowid/Workspace/psh10066/Projects/ralphthon/node_modules/next/dist/build/webpack/plugins/wellknown-errors-plugin/webpackModuleError.js:108:68)
    at async (file:///Users/gowid/Workspace/psh10066/Projects/ralphthon/node_modules/next/dist/build/webpack/plugins/wellknown-errors-plugin/index.js:29:49)
    at async (file:///Users/gowid/Workspace/psh10066/Projects/ralphthon/node_modules/next/dist/build/webpack/plugins/wellknown-errors-plugin/index.js:27:21)
[   38928ms] [ERROR] next-app-loader?name=app%2Fpage&page=%2Fpage&appPaths=%2Fpage&pagePath=private-next-app-dir%2Fpage.tsx&appDir=%2FUsers%2Fgowid%2FWorkspace%2Fpsh10066%2FProjects%2Fralphthon%2Fsrc%2Fapp&pageExtensions=tsx&pageExtensions=ts&pageExtensions=jsx&pageExtensions=js&rootDir=%2FUsers%2Fgowid%2FWorkspace%2Fpsh10066%2FProjects%2Fralphthon&isDev=true&tsconfigPath=tsconfig.json&basePath=&assetPrefix=&nextConfigOutput=&preferredRegion=&middlewareConfig=e30%3D!:12
Error: Image import "next-metadata-image-loader?type=favicon&segment=&basePath=&pageExtensions=tsx&pageExtensions=ts&pageExtensions=jsx&pageExtensions=js!/Users/gowid/Workspace/psh10066/Projects/ralphthon/src/app/favicon.ico?__next_metadata__" is not a valid image file. The image may be corrupted or an unsupported format. @ webpack-internal:///./node_modules/next/dist/client/components/react-dev-overlay/internal/helpers/hydration-error-info.js:62
[   88724ms] [ERROR] Failed to load resource: the server responded with a status of 404 (Not Found) @ http://localhost:3000/_next/static/webpack/c507f2e2477c0498.webpack.hot-update.json:0
[   88725ms] [WARNING] [Fast Refresh] performing full reload because your application had an unrecoverable error @ webpack-internal:///./node_modules/next/dist/client/components/react-dev-overlay/pages/hot-reloader-client.js:349
[   88901ms] [ERROR] Failed to load resource: the server responded with a status of 404 (Not Found) @ http://localhost:3000/_next/static/webpack/c507f2e2477c0498.webpack.hot-update.json:0
[   88901ms] [WARNING] [Fast Refresh] performing full reload because your application had an unrecoverable error @ webpack-internal:///./node_modules/next/dist/client/components/react-dev-overlay/pages/hot-reloader-client.js:349
